*** Using Compiler 'V5.06 update 6 (build 750)', folder: 'E:\NEW_mdk\ARM\ARMCC\Bin'
Build target 'Target 1'
Note: source file '.\USER\SRC\can2.c' - object file renamed from '.\Obj\can2.o' to '.\Obj\can2_1.o'.compiling param.c...
compiling tim3.c...
compiling tim2.c...
USER\SRC\tim2.c(42): warning:  #187-D: use of "=" where "==" may have been intended
  			if ((VESCmotor[i].argum.timeout = 1)&&VESCmotor[i].enable && ((OSTimeGet() - VESCmotor[i].argum.lastRxTim) > VESCmotor[i].argum.timeoutTicks&&(VESCmotor[i].argum.timeout == 1)))
USER\SRC\tim2.c: 1 warning, 0 errors
compiling can2.c...
compiling can1.c...
compiling main.c...
compiling usart2.c...
USER\SRC\usart2.c(448): error:  #20: identifier "JV" is undefined
              JV = atof((char *)(&usart.RxBuffer_USART2[7]));
USER\SRC\usart2.c(476): error:  #20: identifier "JV" is undefined
              JV = atof((char *)(&usart.RxBuffer_USART2[7]));
USER\SRC\usart2.c(490): error:  #20: identifier "JV" is undefined
              JV = atof((char *)(&usart.RxBuffer_USART2[7]));
USER\SRC\usart2.c(502): error:  #20: identifier "PA" is undefined
            PA = atof((char *)(&usart.RxBuffer_USART2[7]));
USER\SRC\usart2.c(508): error:  #20: identifier "PA" is undefined
            PA = atof((char *)(&usart.RxBuffer_USART2[7]));
USER\SRC\usart2.c(514): error:  #20: identifier "PA" is undefined
            PA = atof((char *)(&usart.RxBuffer_USART2[7]));
USER\SRC\usart2.c(520): error:  #20: identifier "PA" is undefined
            PA = atof((char *)(&usart.RxBuffer_USART2[7]));
USER\SRC\usart2.c(526): error:  #20: identifier "PX" is undefined
            PX = atof((char *)(&usart.RxBuffer_USART2[7]));
USER\SRC\usart2.c(532): error:  #20: identifier "PX" is undefined
            PX = atof((char *)(&usart.RxBuffer_USART2[7]));
USER\SRC\usart2.c(538): error:  #20: identifier "PX" is undefined
            PX = atof((char *)(&usart.RxBuffer_USART2[7]));
USER\SRC\usart2.c(544): error:  #20: identifier "PX" is undefined
            PX = atof((char *)(&usart.RxBuffer_USART2[7]));
USER\SRC\usart2.c: 0 warnings, 11 errors
compiling usart1.c...
compiling usart3.c...
compiling pid.c...
compiling elmo.c...
USER\SRC\elmo.c(732): error:  #20: identifier "UM" is undefined
  		Elmo_Motor_UM(id, UM, 1);
USER\SRC\elmo.c(750): error:  #20: identifier "JV" is undefined
  		Elmo_Motor_JV(id, JV, 1);
USER\SRC\elmo.c(755): error:  #20: identifier "PA" is undefined
  		Elmo_Motor_PA(id, PA, 1);
USER\SRC\elmo.c: 0 warnings, 3 errors
compiling motor.c...
compiling vesc.c...
compiling epos.c...
compiling queue.c...
compiling canctrllist.c...
compiling beep.c...
compiling pstwo.c...
compiling visual_scope.c...
".\Obj\project.axf" - 14 Error(s), 1 Warning(s).
Target not created.
Build Time Elapsed:  00:00:06
